This file contains any messages produced by compilers while
running configure, to aid debugging if configure makes a mistake.

It was created by Daimonin SDL Client configure BETA3-0.965b, which was
generated by GNU Autoconf 2.59.  Invocation command line was

  $ configure 

## --------- ##
## Platform. ##
## --------- ##

hostname = atokar-main
uname -m = x86_64
uname -r = 2.6.28-12-generic
uname -s = Linux
uname -v = #43-Ubuntu SMP Fri May 1 19:31:32 UTC 2009

/usr/bin/uname -p = unknown
/bin/uname -X     = unknown

/bin/arch              = unknown
/usr/bin/arch -k       = unknown
/usr/convex/getsysinfo = unknown
hostinfo               = unknown
/bin/machine           = unknown
/usr/bin/oslevel       = unknown
/bin/universe          = unknown

PATH: /usr/local/sbin
PATH: /usr/local/bin
PATH: /usr/sbin
PATH: /usr/bin
PATH: /sbin
PATH: /bin
PATH: /usr/games


## ----------- ##
## Core tests. ##
## ----------- ##

configure:1347: checking build system type
configure:1365: result: x86_64-unknown-linux-gnu
configure:1373: checking host system type
configure:1387: result: x86_64-unknown-linux-gnu
configure:1395: checking target system type
configure:1409: result: x86_64-unknown-linux-gnu
configure:1472: checking for gcc
configure:1488: found /usr/bin/gcc
configure:1498: result: gcc
configure:1742: checking for C compiler version
configure:1745: gcc --version </dev/null >&5
gcc (Ubuntu 4.3.3-5ubuntu4) 4.3.3
Copyright (C) 2008 Free Software Foundation, Inc.
This is free software; see the source for copying conditions.  There is NO
warranty; not even for MERCHANTABILITY or FITNESS FOR A PARTICULAR PURPOSE.

configure:1748: $? = 0
configure:1750: gcc -v </dev/null >&5
Using built-in specs.
Target: x86_64-linux-gnu
Configured with: ../src/configure -v --with-pkgversion='Ubuntu 4.3.3-5ubuntu4' --with-bugurl=file:///usr/share/doc/gcc-4.3/README.Bugs --enable-languages=c,c++,fortran,objc,obj-c++ --prefix=/usr --enable-shared --with-system-zlib --libexecdir=/usr/lib --without-included-gettext --enable-threads=posix --enable-nls --with-gxx-include-dir=/usr/include/c++/4.3 --program-suffix=-4.3 --enable-clocale=gnu --enable-libstdcxx-debug --enable-objc-gc --enable-mpfr --with-tune=generic --enable-checking=release --build=x86_64-linux-gnu --host=x86_64-linux-gnu --target=x86_64-linux-gnu
Thread model: posix
gcc version 4.3.3 (Ubuntu 4.3.3-5ubuntu4) 
configure:1753: $? = 0
configure:1755: gcc -V </dev/null >&5
gcc: '-V' option must have argument
configure:1758: $? = 1
configure:1781: checking for C compiler default output file name
configure:1784: gcc    conftest.c  >&5
configure:1787: $? = 0
configure:1833: result: a.out
configure:1838: checking whether the C compiler works
configure:1844: ./a.out
configure:1847: $? = 0
configure:1864: result: yes
configure:1871: checking whether we are cross compiling
configure:1873: result: no
configure:1876: checking for suffix of executables
configure:1878: gcc -o conftest    conftest.c  >&5
configure:1881: $? = 0
configure:1906: result: 
configure:1912: checking for suffix of object files
configure:1933: gcc -c   conftest.c >&5
configure:1936: $? = 0
configure:1958: result: o
configure:1962: checking whether we are using the GNU C compiler
configure:1986: gcc -c   conftest.c >&5
configure:1992: $? = 0
configure:1995: test -z 			 || test ! -s conftest.err
configure:1998: $? = 0
configure:2001: test -s conftest.o
configure:2004: $? = 0
configure:2017: result: yes
configure:2023: checking whether gcc accepts -g
configure:2044: gcc -c -g  conftest.c >&5
configure:2050: $? = 0
configure:2053: test -z 			 || test ! -s conftest.err
configure:2056: $? = 0
configure:2059: test -s conftest.o
configure:2062: $? = 0
configure:2073: result: yes
configure:2090: checking for gcc option to accept ANSI C
configure:2160: gcc  -c -g -O2  conftest.c >&5
configure:2166: $? = 0
configure:2169: test -z 			 || test ! -s conftest.err
configure:2172: $? = 0
configure:2175: test -s conftest.o
configure:2178: $? = 0
configure:2196: result: none needed
configure:2214: gcc -c -g -O2  conftest.c >&5
conftest.c:2: error: expected '=', ',', ';', 'asm' or '__attribute__' before 'me'
configure:2220: $? = 1
configure: failed program was:
| #ifndef __cplusplus
|   choke me
| #endif
configure:2350: checking whether make sets $(MAKE)
configure:2370: result: yes
configure:2392: checking for a BSD-compatible install
configure:2447: result: /usr/bin/install -c
configure:2530: checking for makedepend
configure:2563: result: no
configure:2569: checking for cp
configure:2587: found /bin/cp
configure:2599: result: /bin/cp
configure:2608: checking for rm
configure:2626: found /bin/rm
configure:2638: result: /bin/rm
configure:2647: checking for rmdir
configure:2665: found /bin/rmdir
configure:2677: result: /bin/rmdir
configure:2686: checking for mkdir
configure:2704: found /bin/mkdir
configure:2716: result: /bin/mkdir
configure:2725: checking for sdl-config
configure:2743: found /usr/bin/sdl-config
configure:2758: result: /usr/bin/sdl-config
configure:2779: checking for stricmp
configure:2836: gcc -o conftest -g -O2   conftest.c  >&5
/tmp/ccaxwtyd.o: In function `main':
/home/alex/Desktop/daimonin/client2/make/linux/conftest.c:50: undefined reference to `stricmp'
/tmp/ccaxwtyd.o:(.data+0x0): undefined reference to `stricmp'
collect2: ld returned 1 exit status
configure:2842: $? = 1
configure: failed program was:
| /* confdefs.h.  */
| 
| #define PACKAGE_NAME "Daimonin SDL Client"
| #define PACKAGE_TARNAME "daimonin-sdl-client"
| #define PACKAGE_VERSION "BETA3-0.965b"
| #define PACKAGE_STRING "Daimonin SDL Client BETA3-0.965b"
| #define PACKAGE_BUGREPORT "support@daimonin.sourceforge.net"
| #define INSTALL_SOUND
| #define __LINUX 1
| /* end confdefs.h.  */
| /* Define stricmp to an innocuous variant, in case <limits.h> declares stricmp.
|    For example, HP-UX 11i <limits.h> declares gettimeofday.  */
| #define stricmp innocuous_stricmp
| 
| /* System header to define __stub macros and hopefully few prototypes,
|     which can conflict with char stricmp (); below.
|     Prefer <limits.h> to <assert.h> if __STDC__ is defined, since
|     <limits.h> exists even on freestanding compilers.  */
| 
| #ifdef __STDC__
| # include <limits.h>
| #else
| # include <assert.h>
| #endif
| 
| #undef stricmp
| 
| /* Override any gcc2 internal prototype to avoid an error.  */
| #ifdef __cplusplus
| extern "C"
| {
| #endif
| /* We use char because int might match the return type of a gcc2
|    builtin and then its argument prototype would still apply.  */
| char stricmp ();
| /* The GNU C library defines this for functions which it implements
|     to always fail with ENOSYS.  Some functions are actually named
|     something starting with __ and the normal name is an alias.  */
| #if defined (__stub_stricmp) || defined (__stub___stricmp)
| choke me
| #else
| char (*f) () = stricmp;
| #endif
| #ifdef __cplusplus
| }
| #endif
| 
| int
| main ()
| {
| return f != stricmp;
|   ;
|   return 0;
| }
configure:2866: result: no
configure:2779: checking for strnicmp
configure:2836: gcc -o conftest -g -O2   conftest.c  >&5
/tmp/ccmxr6lK.o: In function `main':
/home/alex/Desktop/daimonin/client2/make/linux/conftest.c:50: undefined reference to `strnicmp'
/tmp/ccmxr6lK.o:(.data+0x0): undefined reference to `strnicmp'
collect2: ld returned 1 exit status
configure:2842: $? = 1
configure: failed program was:
| /* confdefs.h.  */
| 
| #define PACKAGE_NAME "Daimonin SDL Client"
| #define PACKAGE_TARNAME "daimonin-sdl-client"
| #define PACKAGE_VERSION "BETA3-0.965b"
| #define PACKAGE_STRING "Daimonin SDL Client BETA3-0.965b"
| #define PACKAGE_BUGREPORT "support@daimonin.sourceforge.net"
| #define INSTALL_SOUND
| #define __LINUX 1
| /* end confdefs.h.  */
| /* Define strnicmp to an innocuous variant, in case <limits.h> declares strnicmp.
|    For example, HP-UX 11i <limits.h> declares gettimeofday.  */
| #define strnicmp innocuous_strnicmp
| 
| /* System header to define __stub macros and hopefully few prototypes,
|     which can conflict with char strnicmp (); below.
|     Prefer <limits.h> to <assert.h> if __STDC__ is defined, since
|     <limits.h> exists even on freestanding compilers.  */
| 
| #ifdef __STDC__
| # include <limits.h>
| #else
| # include <assert.h>
| #endif
| 
| #undef strnicmp
| 
| /* Override any gcc2 internal prototype to avoid an error.  */
| #ifdef __cplusplus
| extern "C"
| {
| #endif
| /* We use char because int might match the return type of a gcc2
|    builtin and then its argument prototype would still apply.  */
| char strnicmp ();
| /* The GNU C library defines this for functions which it implements
|     to always fail with ENOSYS.  Some functions are actually named
|     something starting with __ and the normal name is an alias.  */
| #if defined (__stub_strnicmp) || defined (__stub___strnicmp)
| choke me
| #else
| char (*f) () = strnicmp;
| #endif
| #ifdef __cplusplus
| }
| #endif
| 
| int
| main ()
| {
| return f != strnicmp;
|   ;
|   return 0;
| }
configure:2866: result: no
configure:2779: checking for strcasecmp
configure:2836: gcc -o conftest -g -O2   conftest.c  >&5
conftest.c:35: warning: conflicting types for built-in function 'strcasecmp'
configure:2842: $? = 0
configure:2845: test -z 			 || test ! -s conftest.err
configure:2848: $? = 0
configure:2851: test -s conftest
configure:2854: $? = 0
configure:2866: result: yes
configure:2779: checking for strncasecmp
configure:2836: gcc -o conftest -g -O2   conftest.c  >&5
conftest.c:36: warning: conflicting types for built-in function 'strncasecmp'
configure:2842: $? = 0
configure:2845: test -z 			 || test ! -s conftest.err
configure:2848: $? = 0
configure:2851: test -s conftest
configure:2854: $? = 0
configure:2866: result: yes
configure:2881: checking how to run the C preprocessor
configure:2916: gcc -E  conftest.c
configure:2922: $? = 0
configure:2954: gcc -E  conftest.c
conftest.c:13:28: error: ac_nonexistent.h: No such file or directory
configure:2960: $? = 1
configure: failed program was:
| /* confdefs.h.  */
| 
| #define PACKAGE_NAME "Daimonin SDL Client"
| #define PACKAGE_TARNAME "daimonin-sdl-client"
| #define PACKAGE_VERSION "BETA3-0.965b"
| #define PACKAGE_STRING "Daimonin SDL Client BETA3-0.965b"
| #define PACKAGE_BUGREPORT "support@daimonin.sourceforge.net"
| #define INSTALL_SOUND
| #define __LINUX 1
| #define HAVE_STRCASECMP 1
| #define HAVE_STRNCASECMP 1
| /* end confdefs.h.  */
| #include <ac_nonexistent.h>
configure:2999: result: gcc -E
configure:3023: gcc -E  conftest.c
configure:3029: $? = 0
configure:3061: gcc -E  conftest.c
conftest.c:13:28: error: ac_nonexistent.h: No such file or directory
configure:3067: $? = 1
configure: failed program was:
| /* confdefs.h.  */
| 
| #define PACKAGE_NAME "Daimonin SDL Client"
| #define PACKAGE_TARNAME "daimonin-sdl-client"
| #define PACKAGE_VERSION "BETA3-0.965b"
| #define PACKAGE_STRING "Daimonin SDL Client BETA3-0.965b"
| #define PACKAGE_BUGREPORT "support@daimonin.sourceforge.net"
| #define INSTALL_SOUND
| #define __LINUX 1
| #define HAVE_STRCASECMP 1
| #define HAVE_STRNCASECMP 1
| /* end confdefs.h.  */
| #include <ac_nonexistent.h>
configure:3111: checking for egrep
configure:3121: result: grep -E
configure:3126: checking for ANSI C header files
configure:3151: gcc -c -g -O2  conftest.c >&5
configure:3157: $? = 0
configure:3160: test -z 			 || test ! -s conftest.err
configure:3163: $? = 0
configure:3166: test -s conftest.o
configure:3169: $? = 0
configure:3258: gcc -o conftest -g -O2   conftest.c  >&5
conftest.c: In function 'main':
conftest.c:30: warning: incompatible implicit declaration of built-in function 'exit'
configure:3261: $? = 0
configure:3263: ./conftest
configure:3266: $? = 0
configure:3281: result: yes
configure:3305: checking for sys/types.h
configure:3321: gcc -c -g -O2  conftest.c >&5
configure:3327: $? = 0
configure:3330: test -z 			 || test ! -s conftest.err
configure:3333: $? = 0
configure:3336: test -s conftest.o
configure:3339: $? = 0
configure:3350: result: yes
configure:3305: checking for sys/stat.h
configure:3321: gcc -c -g -O2  conftest.c >&5
configure:3327: $? = 0
configure:3330: test -z 			 || test ! -s conftest.err
configure:3333: $? = 0
configure:3336: test -s conftest.o
configure:3339: $? = 0
configure:3350: result: yes
configure:3305: checking for stdlib.h
configure:3321: gcc -c -g -O2  conftest.c >&5
configure:3327: $? = 0
configure:3330: test -z 			 || test ! -s conftest.err
configure:3333: $? = 0
configure:3336: test -s conftest.o
configure:3339: $? = 0
configure:3350: result: yes
configure:3305: checking for string.h
configure:3321: gcc -c -g -O2  conftest.c >&5
configure:3327: $? = 0
configure:3330: test -z 			 || test ! -s conftest.err
configure:3333: $? = 0
configure:3336: test -s conftest.o
configure:3339: $? = 0
configure:3350: result: yes
configure:3305: checking for memory.h
configure:3321: gcc -c -g -O2  conftest.c >&5
configure:3327: $? = 0
configure:3330: test -z 			 || test ! -s conftest.err
configure:3333: $? = 0
configure:3336: test -s conftest.o
configure:3339: $? = 0
configure:3350: result: yes
configure:3305: checking for strings.h
configure:3321: gcc -c -g -O2  conftest.c >&5
configure:3327: $? = 0
configure:3330: test -z 			 || test ! -s conftest.err
configure:3333: $? = 0
configure:3336: test -s conftest.o
configure:3339: $? = 0
configure:3350: result: yes
configure:3305: checking for inttypes.h
configure:3321: gcc -c -g -O2  conftest.c >&5
configure:3327: $? = 0
configure:3330: test -z 			 || test ! -s conftest.err
configure:3333: $? = 0
configure:3336: test -s conftest.o
configure:3339: $? = 0
configure:3350: result: yes
configure:3305: checking for stdint.h
configure:3321: gcc -c -g -O2  conftest.c >&5
configure:3327: $? = 0
configure:3330: test -z 			 || test ! -s conftest.err
configure:3333: $? = 0
configure:3336: test -s conftest.o
configure:3339: $? = 0
configure:3350: result: yes
configure:3305: checking for unistd.h
configure:3321: gcc -c -g -O2  conftest.c >&5
configure:3327: $? = 0
configure:3330: test -z 			 || test ! -s conftest.err
configure:3333: $? = 0
configure:3336: test -s conftest.o
configure:3339: $? = 0
configure:3350: result: yes
configure:3367: checking for unistd.h
configure:3372: result: yes
configure:3525: checking fcntl.h usability
configure:3537: gcc -c -g -O2  conftest.c >&5
configure:3543: $? = 0
configure:3546: test -z 			 || test ! -s conftest.err
configure:3549: $? = 0
configure:3552: test -s conftest.o
configure:3555: $? = 0
configure:3565: result: yes
configure:3569: checking fcntl.h presence
configure:3579: gcc -E  conftest.c
configure:3585: $? = 0
configure:3605: result: yes
configure:3640: checking for fcntl.h
configure:3647: result: yes
configure:3773: creating ./config.status

## ---------------------- ##
## Running config.status. ##
## ---------------------- ##

This file was extended by Daimonin SDL Client config.status BETA3-0.965b, which was
generated by GNU Autoconf 2.59.  Invocation command line was

  CONFIG_FILES    = 
  CONFIG_HEADERS  = 
  CONFIG_LINKS    = 
  CONFIG_COMMANDS = 
  $ ./config.status 

on atokar-main

config.status:710: creating Makefile
config.status:710: creating ../../src/Makefile
config.status:776: creating ../../src/include/define.h

## ---------------- ##
## Cache variables. ##
## ---------------- ##

ac_cv_build=x86_64-unknown-linux-gnu
ac_cv_build_alias=x86_64-unknown-linux-gnu
ac_cv_c_compiler_gnu=yes
ac_cv_env_CC_set=
ac_cv_env_CC_value=
ac_cv_env_CFLAGS_set=
ac_cv_env_CFLAGS_value=
ac_cv_env_CPPFLAGS_set=
ac_cv_env_CPPFLAGS_value=
ac_cv_env_CPP_set=
ac_cv_env_CPP_value=
ac_cv_env_LDFLAGS_set=
ac_cv_env_LDFLAGS_value=
ac_cv_env_build_alias_set=
ac_cv_env_build_alias_value=
ac_cv_env_host_alias_set=
ac_cv_env_host_alias_value=
ac_cv_env_target_alias_set=
ac_cv_env_target_alias_value=
ac_cv_exeext=
ac_cv_func_strcasecmp=yes
ac_cv_func_stricmp=no
ac_cv_func_strncasecmp=yes
ac_cv_func_strnicmp=no
ac_cv_header_fcntl_h=yes
ac_cv_header_inttypes_h=yes
ac_cv_header_memory_h=yes
ac_cv_header_stdc=yes
ac_cv_header_stdint_h=yes
ac_cv_header_stdlib_h=yes
ac_cv_header_string_h=yes
ac_cv_header_strings_h=yes
ac_cv_header_sys_stat_h=yes
ac_cv_header_sys_types_h=yes
ac_cv_header_unistd_h=yes
ac_cv_host=x86_64-unknown-linux-gnu
ac_cv_host_alias=x86_64-unknown-linux-gnu
ac_cv_objext=o
ac_cv_path_CP=/bin/cp
ac_cv_path_MKDIR=/bin/mkdir
ac_cv_path_RM=/bin/rm
ac_cv_path_RMDIR=/bin/rmdir
ac_cv_path_SDL_CONFIG=/usr/bin/sdl-config
ac_cv_path_install='/usr/bin/install -c'
ac_cv_prog_CPP='gcc -E'
ac_cv_prog_ac_ct_CC=gcc
ac_cv_prog_cc_g=yes
ac_cv_prog_cc_stdc=
ac_cv_prog_egrep='grep -E'
ac_cv_prog_make_make_set=yes
ac_cv_target=x86_64-unknown-linux-gnu
ac_cv_target_alias=x86_64-unknown-linux-gnu

## ----------------- ##
## Output variables. ##
## ----------------- ##

CC='gcc'
CFLAGS='-g -O2'
CP='/bin/cp'
CPP='gcc -E'
CPPFLAGS=''
DEFS='-DHAVE_CONFIG_H'
DEPEND=''
ECHO_C=''
ECHO_N='-n'
ECHO_T=''
EGREP='grep -E'
EXEEXT=''
INSTALL_DATA='${INSTALL} -m 644'
INSTALL_PROGRAM='${INSTALL}'
INSTALL_SCRIPT='${INSTALL}'
LDFLAGS=''
LIBOBJS=''
LIBS=''
LTLIBOBJS=''
MKDIR='/bin/mkdir'
OBJEXT='o'
PACKAGE_BUGREPORT='support@daimonin.sourceforge.net'
PACKAGE_NAME='Daimonin SDL Client'
PACKAGE_STRING='Daimonin SDL Client BETA3-0.965b'
PACKAGE_TARNAME='daimonin-sdl-client'
PACKAGE_VERSION='BETA3-0.965b'
PATH_SEPARATOR=':'
RM='/bin/rm'
RMDIR='/bin/rmdir'
SDL_CFLAGS='-I/usr/include/SDL -D_GNU_SOURCE=1 -D_REENTRANT'
SDL_CONFIG='/usr/bin/sdl-config'
SDL_LIBS='-L/usr/lib -lSDL'
SET_MAKE=''
SHELL='/bin/bash'
ac_ct_CC='gcc'
bindir='${exec_prefix}/bin'
build='x86_64-unknown-linux-gnu'
build_alias=''
build_cpu='x86_64'
build_os='linux-gnu'
build_vendor='unknown'
datadir='${prefix}/share'
exec_prefix='${prefix}'
host='x86_64-unknown-linux-gnu'
host_alias=''
host_cpu='x86_64'
host_os='linux-gnu'
host_vendor='unknown'
includedir='${prefix}/include'
infodir='${prefix}/info'
libdir='${exec_prefix}/lib'
libexecdir='${exec_prefix}/libexec'
localstatedir='${prefix}/var'
mandir='${prefix}/man'
oldincludedir='/usr/include'
prefix='../../../client-BETA3-0.965b'
program_transform_name='s,x,x,'
sbindir='${exec_prefix}/sbin'
sharedstatedir='${prefix}/com'
sysconfdir='${prefix}/etc'
target='x86_64-unknown-linux-gnu'
target_alias=''
target_cpu='x86_64'
target_os='linux-gnu'
target_vendor='unknown'

## ----------- ##
## confdefs.h. ##
## ----------- ##

#define HAVE_FCNTL_H 1
#define HAVE_INTTYPES_H 1
#define HAVE_MEMORY_H 1
#define HAVE_STDINT_H 1
#define HAVE_STDLIB_H 1
#define HAVE_STRCASECMP 1
#define HAVE_STRINGS_H 1
#define HAVE_STRING_H 1
#define HAVE_STRNCASECMP 1
#define HAVE_SYS_STAT_H 1
#define HAVE_SYS_TYPES_H 1
#define HAVE_UNISTD_H 1
#define HAVE_UNISTD_H 1
#define INSTALL_SOUND
#define PACKAGE_BUGREPORT "support@daimonin.sourceforge.net"
#define PACKAGE_NAME "Daimonin SDL Client"
#define PACKAGE_STRING "Daimonin SDL Client BETA3-0.965b"
#define PACKAGE_TARNAME "daimonin-sdl-client"
#define PACKAGE_VERSION "BETA3-0.965b"
#define PREFIX "../../../client-BETA3-0.965b"
#define STDC_HEADERS 1
#define __LINUX 1

configure: exit 0
